2026-05-21 20:30:37 | INFO     | Successfully connected to Binance Futures Testnet.
2026-05-21 20:30:37 | INFO     | Attempting MARKET BUY | 0.01 BTCUSDT
2026-05-21 20:30:37 | INFO     | Success -> ID: 13172707752 | Status: NEW | Filled: 0.0000
2026-05-21 20:30:52 | INFO     | Successfully connected to Binance Futures Testnet.
2026-05-21 20:30:52 | INFO     | Attempting MARKET SELL | 0.01 BTCUSDT
2026-05-21 20:30:53 | INFO     | Success -> ID: 13172708650 | Status: NEW | Filled: 0.0000
2026-05-21 20:31:13 | INFO     | Successfully connected to Binance Futures Testnet.
2026-05-21 20:31:13 | INFO     | Attempting LIMIT BUY | 0.01 BTCUSDT @ 40000.0
2026-05-21 20:31:13 | INFO     | Success -> ID: 13172709818 | Status: NEW | Target Price: 40000.0
2026-05-21 20:31:28 | INFO     | Successfully connected to Binance Futures Testnet.
2026-05-21 20:31:28 | INFO     | Attempting LIMIT SELL | 0.01 BTCUSDT @ 90000.0
2026-05-21 20:31:29 | INFO     | Success -> ID: 13172710746 | Status: NEW | Target Price: 90000.0
2026-05-21 20:31:45 | INFO     | Successfully connected to Binance Futures Testnet.
2026-05-21 20:31:45 | INFO     | Attempting STOP_LIMIT SELL | 0.01 BTCUSDT @ Price: 39000.0 | Trigger: 39500.0
2026-05-21 20:31:46 | INFO     | Success -> ID: None | Status: None | Target: 39000.0 | Stop: 39500.0
2026-05-21 20:38:48 | INFO     | Successfully connected to Binance Futures Testnet.
2026-05-21 20:38:48 | INFO     | Fetching USDT balance...
2026-05-21 20:38:48 | INFO     | Balance retrieved: 4960.32873935 USDT
2026-05-21 20:39:00 | INFO     | Successfully connected to Binance Futures Testnet.
2026-05-21 20:39:00 | INFO     | Attempting MARKET BUY | 0.01 BTCUSDT
2026-05-21 20:39:00 | INFO     | Success -> ID: 13172733971 | Status: NEW | Filled: 0.0000
2026-05-21 20:39:49 | INFO     | Successfully connected to Binance Futures Testnet.
2026-05-21 20:39:49 | INFO     | Checking status for BTCUSDT Order ID: 13172733971
2026-05-21 20:39:49 | INFO     | Status retrieved -> ID: 13172733971 | Status: FILLED | Filled: 0.0100
2026-05-21 20:41:30 | INFO     | Successfully connected to Binance Futures Testnet.
2026-05-21 20:41:30 | INFO     | Fetching USDT balance...
2026-05-21 20:41:30 | INFO     | Balance retrieved: 4960.02112695 USDT
2026-05-21 20:41:32 | INFO     | Successfully connected to Binance Futures Testnet.
2026-05-21 20:41:32 | INFO     | Checking status for BTCUSDT Order ID: 9999999999
2026-05-21 20:41:32 | ERROR    | API Error checking status: Order does not exist.
2026-05-21 20:41:34 | INFO     | Successfully connected to Binance Futures Testnet.
2026-05-21 20:41:34 | INFO     | Checking status for ETHUSDT Order ID: 8888888888
2026-05-21 20:41:34 | ERROR    | API Error checking status: Order does not exist.
2026-05-21 20:41:36 | INFO     | Successfully connected to Binance Futures Testnet.
2026-05-21 20:41:36 | INFO     | Attempting MARKET BUY | 0.01 BTCUSDT
2026-05-21 20:41:36 | INFO     | Success -> ID: 13172743471 | Status: NEW | Filled: 0.0000
2026-05-21 20:41:37 | INFO     | Successfully connected to Binance Futures Testnet.
2026-05-21 20:41:37 | INFO     | Attempting MARKET SELL | 0.005 BTCUSDT
2026-05-21 20:41:37 | INFO     | Success -> ID: 13172743566 | Status: NEW | Filled: 0.0000
2026-05-21 20:41:39 | INFO     | Successfully connected to Binance Futures Testnet.
2026-05-21 20:41:39 | INFO     | Attempting MARKET BUY | 0.1 ETHUSDT
2026-05-21 20:41:39 | INFO     | Success -> ID: 8719620564 | Status: NEW | Filled: 0.000
2026-05-21 20:41:41 | INFO     | Successfully connected to Binance Futures Testnet.
2026-05-21 20:41:41 | INFO     | Attempting MARKET SELL | 0.05 ETHUSDT
2026-05-21 20:41:42 | INFO     | Success -> ID: 8719620595 | Status: NEW | Filled: 0.000
2026-05-21 20:41:43 | INFO     | Successfully connected to Binance Futures Testnet.
2026-05-21 20:41:43 | INFO     | Attempting MARKET BUY | 1.5 SOLUSDT
2026-05-21 20:41:43 | INFO     | Success -> ID: 1886824081 | Status: NEW | Filled: 0.00
2026-05-21 20:41:45 | INFO     | Successfully connected to Binance Futures Testnet.
2026-05-21 20:41:45 | INFO     | Attempting MARKET SELL | 0.5 BNBUSDT
2026-05-21 20:41:45 | INFO     | Success -> ID: 1371395270 | Status: NEW | Filled: 0.00
2026-05-21 20:41:46 | INFO     | Successfully connected to Binance Futures Testnet.
2026-05-21 20:41:46 | INFO     | Attempting LIMIT BUY | 0.01 BTCUSDT @ 35000.0
2026-05-21 20:41:47 | INFO     | Success -> ID: 13172744085 | Status: NEW | Target Price: 35000.0
2026-05-21 20:41:48 | INFO     | Successfully connected to Binance Futures Testnet.
2026-05-21 20:41:48 | INFO     | Attempting LIMIT SELL | 0.01 BTCUSDT @ 95000.0
2026-05-21 20:41:48 | INFO     | Success -> ID: 13172744193 | Status: NEW | Target Price: 95000.0
2026-05-21 20:41:50 | INFO     | Successfully connected to Binance Futures Testnet.
2026-05-21 20:41:50 | INFO     | Attempting LIMIT BUY | 0.2 ETHUSDT @ 2000.0
2026-05-21 20:41:50 | INFO     | Success -> ID: 8719620789 | Status: NEW | Target Price: 2000.0
2026-05-21 20:41:52 | INFO     | Successfully connected to Binance Futures Testnet.
2026-05-21 20:41:52 | INFO     | Attempting LIMIT SELL | 0.2 ETHUSDT @ 5000.0
2026-05-21 20:41:52 | INFO     | Success -> ID: 8719620822 | Status: NEW | Target Price: 5000.0
2026-05-21 20:41:53 | INFO     | Successfully connected to Binance Futures Testnet.
2026-05-21 20:41:53 | INFO     | Attempting LIMIT BUY | 2.0 SOLUSDT @ 50.0
2026-05-21 20:41:53 | INFO     | Success -> ID: 1886824195 | Status: NEW | Target Price: 50.0
2026-05-21 20:41:55 | INFO     | Successfully connected to Binance Futures Testnet.
2026-05-21 20:41:55 | INFO     | Attempting LIMIT SELL | 2.0 SOLUSDT @ 300.0
2026-05-21 20:41:55 | INFO     | Success -> ID: 1886824216 | Status: NEW | Target Price: 300.0
2026-05-21 20:41:57 | INFO     | Successfully connected to Binance Futures Testnet.
2026-05-21 20:41:57 | INFO     | Attempting STOP_LIMIT SELL | 0.01 BTCUSDT @ Price: 39000.0 | Trigger: 39500.0
2026-05-21 20:41:57 | INFO     | Success -> ID: None | Status: None | Target: 39000.0 | Stop: 39500.0
2026-05-21 20:41:59 | INFO     | Successfully connected to Binance Futures Testnet.
2026-05-21 20:41:59 | INFO     | Attempting STOP_LIMIT BUY | 0.01 BTCUSDT @ Price: 71000.0 | Trigger: 70500.0
2026-05-21 20:41:59 | ERROR    | API Rejected STOP_LIMIT Order: Order would immediately trigger.
2026-05-21 20:42:00 | INFO     | Successfully connected to Binance Futures Testnet.
2026-05-21 20:42:00 | INFO     | Attempting STOP_LIMIT SELL | 0.1 ETHUSDT @ Price: 2800.0 | Trigger: 2850.0
2026-05-21 20:42:01 | ERROR    | API Rejected STOP_LIMIT Order: Order would immediately trigger.
2026-05-21 20:42:03 | INFO     | Successfully connected to Binance Futures Testnet.
2026-05-21 20:42:03 | INFO     | Attempting STOP_LIMIT BUY | 0.1 ETHUSDT @ Price: 4200.0 | Trigger: 4100.0
2026-05-21 20:42:03 | INFO     | Success -> ID: None | Status: None | Target: 4200.0 | Stop: 4100.0
2026-05-21 20:42:05 | INFO     | Successfully connected to Binance Futures Testnet.
2026-05-21 20:42:05 | INFO     | Attempting STOP_LIMIT SELL | 1.0 BNBUSDT @ Price: 450.0 | Trigger: 460.0
2026-05-21 20:42:05 | INFO     | Success -> ID: None | Status: None | Target: 450.0 | Stop: 460.0
2026-05-21 20:42:06 | INFO     | Successfully connected to Binance Futures Testnet.
2026-05-21 20:42:06 | INFO     | Attempting STOP_LIMIT BUY | 1.0 BNBUSDT @ Price: 700.0 | Trigger: 690.0
2026-05-21 20:42:07 | INFO     | Success -> ID: None | Status: None | Target: 700.0 | Stop: 690.0
2026-05-21 20:42:07 | WARNING  | User provided invalid input: Symbol must be alphanumeric without spaces.
2026-05-21 20:42:08 | WARNING  | User provided invalid input: Order side must be strictly 'BUY' or 'SELL'.
2026-05-21 20:42:09 | WARNING  | User provided invalid input: Order type must be strictly 'MARKET', 'LIMIT', or 'STOP_LIMIT'.
2026-05-21 20:42:10 | WARNING  | User provided invalid input: Quantity must be a positive number.
2026-05-21 20:42:11 | WARNING  | User provided invalid input: A positive price is mandatory for LIMIT orders.
2026-05-21 20:42:12 | WARNING  | User provided invalid input: A trigger stop-price is mandatory for STOP_LIMIT orders.
2026-05-21 20:42:13 | WARNING  | User provided invalid input: A positive price is mandatory for STOP_LIMIT orders.
2026-05-21 20:42:14 | INFO     | Successfully connected to Binance Futures Testnet.
2026-05-21 20:42:14 | INFO     | Attempting MARKET BUY | 150.0 DOGEUSDT
2026-05-21 20:42:14 | INFO     | Success -> ID: 819764637 | Status: NEW | Filled: 0
2026-05-21 20:42:16 | INFO     | Successfully connected to Binance Futures Testnet.
2026-05-21 20:42:16 | INFO     | Fetching USDT balance...
2026-05-21 20:42:16 | INFO     | Balance retrieved: 4958.36929830 USDT
